{"D:/ESGI/4 AL/Clean Code/Partiel/leitner-cleaner/frontend/leitner-cleaner/src/App.tsx": {"path":"D:/ESGI/4 AL/Clean Code/Partiel/leitner-cleaner/frontend/leitner-cleaner/src/App.tsx","statementMap":{"0":{"start":{"line":6,"column":22},"end":{"line":8,"column":null}},"1":{"start":{"line":7,"column":4},"end":{"line":7,"column":null}}},"fnMap":{"0":{"name":"(anonymous_0)","decl":{"start":{"line":6,"column":22},"end":{"line":6,"column":28}},"loc":{"start":{"line":6,"column":28},"end":{"line":8,"column":null}}}},"branchMap":{},"s":{"0":2,"1":1},"f":{"0":1},"b":{}}
,"D:/ESGI/4 AL/Clean Code/Partiel/leitner-cleaner/frontend/leitner-cleaner/src/main.tsx": {"path":"D:/ESGI/4 AL/Clean Code/Partiel/leitner-cleaner/frontend/leitner-cleaner/src/main.tsx","statementMap":{"0":{"start":{"line":12,"column":0},"end":{"line":18,"column":null}}},"fnMap":{},"branchMap":{},"s":{"0":1},"f":{},"b":{}}
,"D:/ESGI/4 AL/Clean Code/Partiel/leitner-cleaner/frontend/leitner-cleaner/src/components/cards/CardItem.tsx": {"path":"D:/ESGI/4 AL/Clean Code/Partiel/leitner-cleaner/frontend/leitner-cleaner/src/components/cards/CardItem.tsx","statementMap":{"0":{"start":{"line":16,"column":42},"end":{"line":24,"column":null}},"1":{"start":{"line":17,"column":4},"end":{"line":22,"column":null}}},"fnMap":{"0":{"name":"(anonymous_0)","decl":{"start":{"line":16,"column":42},"end":{"line":16,"column":43}},"loc":{"start":{"line":16,"column":56},"end":{"line":24,"column":null}}}},"branchMap":{"0":{"loc":{"start":{"line":21,"column":13},"end":{"line":21,"column":null}},"type":"binary-expr","locations":[{"start":{"line":21,"column":13},"end":{"line":21,"column":25}},{"start":{"line":21,"column":25},"end":{"line":21,"column":null}}]}},"s":{"0":1,"1":2},"f":{"0":2},"b":{"0":[2,1]}}
,"D:/ESGI/4 AL/Clean Code/Partiel/leitner-cleaner/frontend/leitner-cleaner/src/components/cards/CardsDisplay.tsx": {"path":"D:/ESGI/4 AL/Clean Code/Partiel/leitner-cleaner/frontend/leitner-cleaner/src/components/cards/CardsDisplay.tsx","statementMap":{"0":{"start":{"line":15,"column":50},"end":{"line":150,"column":null}},"1":{"start":{"line":16,"column":32},"end":{"line":16,"column":null}},"2":{"start":{"line":17,"column":44},"end":{"line":17,"column":null}},"3":{"start":{"line":18,"column":56},"end":{"line":18,"column":null}},"4":{"start":{"line":19,"column":44},"end":{"line":19,"column":null}},"5":{"start":{"line":22,"column":29},"end":{"line":25,"column":null}},"6":{"start":{"line":23,"column":14},"end":{"line":23,"column":null}},"7":{"start":{"line":23,"column":51},"end":{"line":23,"column":64}},"8":{"start":{"line":26,"column":23},"end":{"line":29,"column":null}},"9":{"start":{"line":27,"column":14},"end":{"line":27,"column":null}},"10":{"start":{"line":27,"column":51},"end":{"line":27,"column":59}},"11":{"start":{"line":32,"column":28},"end":{"line":32,"column":null}},"12":{"start":{"line":32,"column":57},"end":{"line":32,"column":84}},"13":{"start":{"line":33,"column":23},"end":{"line":33,"column":null}},"14":{"start":{"line":33,"column":46},"end":{"line":33,"column":73}},"15":{"start":{"line":37,"column":21},"end":{"line":56,"column":null}},"16":{"start":{"line":38,"column":8},"end":{"line":53,"column":null}},"17":{"start":{"line":59,"column":21},"end":{"line":75,"column":null}},"18":{"start":{"line":60,"column":8},"end":{"line":73,"column":null}},"19":{"start":{"line":77,"column":25},"end":{"line":80,"column":null}},"20":{"start":{"line":78,"column":8},"end":{"line":78,"column":null}},"21":{"start":{"line":78,"column":19},"end":{"line":78,"column":null}},"22":{"start":{"line":79,"column":8},"end":{"line":79,"column":null}},"23":{"start":{"line":82,"column":25},"end":{"line":86,"column":null}},"24":{"start":{"line":83,"column":8},"end":{"line":85,"column":null}},"25":{"start":{"line":84,"column":58},"end":{"line":84,"column":91}},"26":{"start":{"line":89,"column":19},"end":{"line":121,"column":null}},"27":{"start":{"line":90,"column":8},"end":{"line":119,"column":null}},"28":{"start":{"line":96,"column":40},"end":{"line":96,"column":null}},"29":{"start":{"line":103,"column":41},"end":{"line":103,"column":null}},"30":{"start":{"line":112,"column":41},"end":{"line":112,"column":null}},"31":{"start":{"line":118,"column":72},"end":{"line":118,"column":111}},"32":{"start":{"line":124,"column":26},"end":{"line":135,"column":null}},"33":{"start":{"line":125,"column":27},"end":{"line":125,"column":null}},"34":{"start":{"line":127,"column":12},"end":{"line":129,"column":null}},"35":{"start":{"line":131,"column":12},"end":{"line":131,"column":null}},"36":{"start":{"line":133,"column":12},"end":{"line":133,"column":null}},"37":{"start":{"line":134,"column":8},"end":{"line":134,"column":null}},"38":{"start":{"line":137,"column":4},"end":{"line":148,"column":null}}},"fnMap":{"0":{"name":"(anonymous_0)","decl":{"start":{"line":15,"column":50},"end":{"line":15,"column":51}},"loc":{"start":{"line":15,"column":63},"end":{"line":150,"column":null}}},"1":{"name":"(anonymous_1)","decl":{"start":{"line":23,"column":8},"end":{"line":23,"column":14}},"loc":{"start":{"line":23,"column":14},"end":{"line":23,"column":null}}},"2":{"name":"(anonymous_2)","decl":{"start":{"line":23,"column":43},"end":{"line":23,"column":51}},"loc":{"start":{"line":23,"column":51},"end":{"line":23,"column":64}}},"3":{"name":"(anonymous_3)","decl":{"start":{"line":27,"column":8},"end":{"line":27,"column":14}},"loc":{"start":{"line":27,"column":14},"end":{"line":27,"column":null}}},"4":{"name":"(anonymous_4)","decl":{"start":{"line":27,"column":43},"end":{"line":27,"column":51}},"loc":{"start":{"line":27,"column":51},"end":{"line":27,"column":59}}},"5":{"name":"(anonymous_5)","decl":{"start":{"line":32,"column":49},"end":{"line":32,"column":57}},"loc":{"start":{"line":32,"column":57},"end":{"line":32,"column":84}}},"6":{"name":"(anonymous_6)","decl":{"start":{"line":33,"column":38},"end":{"line":33,"column":46}},"loc":{"start":{"line":33,"column":46},"end":{"line":33,"column":73}}},"7":{"name":"(anonymous_7)","decl":{"start":{"line":37,"column":21},"end":{"line":37,"column":22}},"loc":{"start":{"line":37,"column":41},"end":{"line":56,"column":null}}},"8":{"name":"(anonymous_8)","decl":{"start":{"line":59,"column":21},"end":{"line":59,"column":22}},"loc":{"start":{"line":59,"column":56},"end":{"line":75,"column":null}}},"9":{"name":"(anonymous_9)","decl":{"start":{"line":77,"column":25},"end":{"line":77,"column":26}},"loc":{"start":{"line":77,"column":85},"end":{"line":80,"column":null}}},"10":{"name":"(anonymous_10)","decl":{"start":{"line":82,"column":25},"end":{"line":82,"column":26}},"loc":{"start":{"line":82,"column":73},"end":{"line":86,"column":null}}},"11":{"name":"(anonymous_11)","decl":{"start":{"line":84,"column":23},"end":{"line":84,"column":24}},"loc":{"start":{"line":84,"column":58},"end":{"line":84,"column":91}}},"12":{"name":"(anonymous_12)","decl":{"start":{"line":89,"column":19},"end":{"line":89,"column":25}},"loc":{"start":{"line":89,"column":25},"end":{"line":121,"column":null}}},"13":{"name":"(anonymous_13)","decl":{"start":{"line":96,"column":33},"end":{"line":96,"column":34}},"loc":{"start":{"line":96,"column":40},"end":{"line":96,"column":null}}},"14":{"name":"(anonymous_14)","decl":{"start":{"line":103,"column":34},"end":{"line":103,"column":35}},"loc":{"start":{"line":103,"column":41},"end":{"line":103,"column":null}}},"15":{"name":"(anonymous_15)","decl":{"start":{"line":112,"column":34},"end":{"line":112,"column":35}},"loc":{"start":{"line":112,"column":41},"end":{"line":112,"column":null}}},"16":{"name":"(anonymous_16)","decl":{"start":{"line":118,"column":65},"end":{"line":118,"column":66}},"loc":{"start":{"line":118,"column":72},"end":{"line":118,"column":111}}},"17":{"name":"(anonymous_17)","decl":{"start":{"line":124,"column":39},"end":{"line":124,"column":47}},"loc":{"start":{"line":124,"column":47},"end":{"line":135,"column":5}}}},"branchMap":{"0":{"loc":{"start":{"line":45,"column":25},"end":{"line":49,"column":null}},"type":"binary-expr","locations":[{"start":{"line":45,"column":25},"end":{"line":45,"column":null}},{"start":{"line":46,"column":28},"end":{"line":49,"column":null}}]},"1":{"loc":{"start":{"line":71,"column":21},"end":{"line":71,"column":null}},"type":"binary-expr","locations":[{"start":{"line":71,"column":21},"end":{"line":71,"column":33}},{"start":{"line":71,"column":33},"end":{"line":71,"column":null}}]},"2":{"loc":{"start":{"line":78,"column":8},"end":{"line":78,"column":null}},"type":"if","locations":[{"start":{"line":78,"column":8},"end":{"line":78,"column":null}},{"start":{},"end":{}}]},"3":{"loc":{"start":{"line":79,"column":15},"end":{"line":79,"column":null}},"type":"cond-expr","locations":[{"start":{"line":79,"column":35},"end":{"line":79,"column":59}},{"start":{"line":79,"column":59},"end":{"line":79,"column":null}}]},"4":{"loc":{"start":{"line":127,"column":12},"end":{"line":129,"column":null}},"type":"binary-expr","locations":[{"start":{"line":127,"column":12},"end":{"line":127,"column":null}},{"start":{"line":128,"column":12},"end":{"line":128,"column":null}},{"start":{"line":129,"column":13},"end":{"line":129,"column":25}},{"start":{"line":129,"column":25},"end":{"line":129,"column":null}}]},"5":{"loc":{"start":{"line":131,"column":12},"end":{"line":131,"column":null}},"type":"binary-expr","locations":[{"start":{"line":131,"column":12},"end":{"line":131,"column":47}},{"start":{"line":131,"column":47},"end":{"line":131,"column":null}}]},"6":{"loc":{"start":{"line":133,"column":12},"end":{"line":133,"column":null}},"type":"binary-expr","locations":[{"start":{"line":133,"column":12},"end":{"line":133,"column":42}},{"start":{"line":133,"column":42},"end":{"line":133,"column":54}},{"start":{"line":133,"column":54},"end":{"line":133,"column":null}}]},"7":{"loc":{"start":{"line":134,"column":15},"end":{"line":134,"column":null}},"type":"binary-expr","locations":[{"start":{"line":134,"column":15},"end":{"line":134,"column":32}},{"start":{"line":134,"column":32},"end":{"line":134,"column":51}},{"start":{"line":134,"column":51},"end":{"line":134,"column":null}}]}},"s":{"0":4,"1":22,"2":22,"3":22,"4":22,"5":22,"6":7,"7":14,"8":22,"9":7,"10":14,"11":22,"12":40,"13":22,"14":40,"15":22,"16":36,"17":22,"18":0,"19":22,"20":36,"21":0,"22":36,"23":22,"24":15,"25":36,"26":22,"27":22,"28":15,"29":0,"30":0,"31":0,"32":22,"33":59,"34":59,"35":59,"36":59,"37":59,"38":22},"f":{"0":22,"1":7,"2":14,"3":7,"4":14,"5":40,"6":40,"7":36,"8":0,"9":36,"10":15,"11":36,"12":22,"13":15,"14":0,"15":0,"16":0,"17":59},"b":{"0":[36,26],"1":[0,0],"2":[0,36],"3":[0,36],"4":[59,39,35,22],"5":[59,0],"6":[59,0,0],"7":[59,24,24]}}
,"D:/ESGI/4 AL/Clean Code/Partiel/leitner-cleaner/frontend/leitner-cleaner/src/components/common/ActionButtons.tsx": {"path":"D:/ESGI/4 AL/Clean Code/Partiel/leitner-cleaner/frontend/leitner-cleaner/src/components/common/ActionButtons.tsx","statementMap":{"0":{"start":{"line":12,"column":52},"end":{"line":41,"column":null}},"1":{"start":{"line":18,"column":4},"end":{"line":39,"column":null}}},"fnMap":{"0":{"name":"(anonymous_0)","decl":{"start":{"line":12,"column":52},"end":{"line":12,"column":53}},"loc":{"start":{"line":17,"column":59},"end":{"line":41,"column":null}}}},"branchMap":{},"s":{"0":5,"1":16},"f":{"0":16},"b":{}}
,"D:/ESGI/4 AL/Clean Code/Partiel/leitner-cleaner/frontend/leitner-cleaner/src/components/layout/Header.tsx": {"path":"D:/ESGI/4 AL/Clean Code/Partiel/leitner-cleaner/frontend/leitner-cleaner/src/components/layout/Header.tsx","statementMap":{"0":{"start":{"line":12,"column":38},"end":{"line":28,"column":null}},"1":{"start":{"line":18,"column":4},"end":{"line":26,"column":null}}},"fnMap":{"0":{"name":"(anonymous_0)","decl":{"start":{"line":12,"column":38},"end":{"line":12,"column":39}},"loc":{"start":{"line":17,"column":45},"end":{"line":28,"column":null}}}},"branchMap":{},"s":{"0":4,"1":11},"f":{"0":11},"b":{}}
,"D:/ESGI/4 AL/Clean Code/Partiel/leitner-cleaner/frontend/leitner-cleaner/src/components/layout/Layout.tsx": {"path":"D:/ESGI/4 AL/Clean Code/Partiel/leitner-cleaner/frontend/leitner-cleaner/src/components/layout/Layout.tsx","statementMap":{"0":{"start":{"line":6,"column":56},"end":{"line":43,"column":null}},"1":{"start":{"line":7,"column":21},"end":{"line":7,"column":null}},"2":{"start":{"line":10,"column":40},"end":{"line":15,"column":null}},"3":{"start":{"line":11,"column":21},"end":{"line":11,"column":null}},"4":{"start":{"line":12,"column":8},"end":{"line":14,"column":null}},"5":{"start":{"line":13,"column":12},"end":{"line":13,"column":null}},"6":{"start":{"line":18,"column":27},"end":{"line":20,"column":null}},"7":{"start":{"line":19,"column":8},"end":{"line":19,"column":null}},"8":{"start":{"line":23,"column":28},"end":{"line":25,"column":null}},"9":{"start":{"line":24,"column":8},"end":{"line":24,"column":null}},"10":{"start":{"line":28,"column":26},"end":{"line":30,"column":null}},"11":{"start":{"line":29,"column":8},"end":{"line":29,"column":null}},"12":{"start":{"line":32,"column":4},"end":{"line":41,"column":null}}},"fnMap":{"0":{"name":"(anonymous_0)","decl":{"start":{"line":6,"column":56},"end":{"line":6,"column":57}},"loc":{"start":{"line":6,"column":74},"end":{"line":43,"column":null}}},"1":{"name":"(anonymous_1)","decl":{"start":{"line":10,"column":40},"end":{"line":10,"column":46}},"loc":{"start":{"line":10,"column":46},"end":{"line":15,"column":null}}},"2":{"name":"(anonymous_2)","decl":{"start":{"line":18,"column":27},"end":{"line":18,"column":33}},"loc":{"start":{"line":18,"column":33},"end":{"line":20,"column":null}}},"3":{"name":"(anonymous_3)","decl":{"start":{"line":23,"column":28},"end":{"line":23,"column":34}},"loc":{"start":{"line":23,"column":34},"end":{"line":25,"column":null}}},"4":{"name":"(anonymous_4)","decl":{"start":{"line":28,"column":26},"end":{"line":28,"column":32}},"loc":{"start":{"line":28,"column":32},"end":{"line":30,"column":null}}}},"branchMap":{"0":{"loc":{"start":{"line":12,"column":8},"end":{"line":14,"column":null}},"type":"if","locations":[{"start":{"line":12,"column":8},"end":{"line":14,"column":null}},{"start":{},"end":{}}]}},"s":{"0":3,"1":6,"2":6,"3":2,"4":2,"5":1,"6":6,"7":1,"8":6,"9":1,"10":6,"11":1,"12":6},"f":{"0":6,"1":2,"2":1,"3":1,"4":1},"b":{"0":[1,1]}}
,"D:/ESGI/4 AL/Clean Code/Partiel/leitner-cleaner/frontend/leitner-cleaner/src/contexts/AuthContext.ts": {"path":"D:/ESGI/4 AL/Clean Code/Partiel/leitner-cleaner/frontend/leitner-cleaner/src/contexts/AuthContext.ts","statementMap":{"0":{"start":{"line":9,"column":27},"end":{"line":13,"column":null}}},"fnMap":{"0":{"name":"(anonymous_0)","decl":{"start":{"line":11,"column":11},"end":{"line":11,"column":17}},"loc":{"start":{"line":11,"column":17},"end":{"line":11,"column":null}}},"1":{"name":"(anonymous_1)","decl":{"start":{"line":12,"column":12},"end":{"line":12,"column":18}},"loc":{"start":{"line":12,"column":18},"end":{"line":12,"column":null}}}},"branchMap":{},"s":{"0":5},"f":{"0":0,"1":0},"b":{}}
,"D:/ESGI/4 AL/Clean Code/Partiel/leitner-cleaner/frontend/leitner-cleaner/src/contexts/AuthProvider.tsx": {"path":"D:/ESGI/4 AL/Clean Code/Partiel/leitner-cleaner/frontend/leitner-cleaner/src/contexts/AuthProvider.tsx","statementMap":{"0":{"start":{"line":4,"column":62},"end":{"line":22,"column":null}},"1":{"start":{"line":5,"column":28},"end":{"line":5,"column":null}},"2":{"start":{"line":7,"column":18},"end":{"line":9,"column":null}},"3":{"start":{"line":8,"column":8},"end":{"line":8,"column":null}},"4":{"start":{"line":11,"column":19},"end":{"line":13,"column":null}},"5":{"start":{"line":12,"column":8},"end":{"line":12,"column":null}},"6":{"start":{"line":15,"column":42},"end":{"line":19,"column":null}},"7":{"start":{"line":21,"column":4},"end":{"line":21,"column":null}}},"fnMap":{"0":{"name":"(anonymous_0)","decl":{"start":{"line":4,"column":62},"end":{"line":4,"column":63}},"loc":{"start":{"line":4,"column":80},"end":{"line":22,"column":null}}},"1":{"name":"(anonymous_1)","decl":{"start":{"line":7,"column":18},"end":{"line":7,"column":19}},"loc":{"start":{"line":7,"column":40},"end":{"line":9,"column":null}}},"2":{"name":"(anonymous_2)","decl":{"start":{"line":11,"column":19},"end":{"line":11,"column":25}},"loc":{"start":{"line":11,"column":25},"end":{"line":13,"column":null}}}},"branchMap":{},"s":{"0":3,"1":6,"2":6,"3":2,"4":6,"5":2,"6":6,"7":6},"f":{"0":6,"1":2,"2":2},"b":{}}
,"D:/ESGI/4 AL/Clean Code/Partiel/leitner-cleaner/frontend/leitner-cleaner/src/hooks/useCards.ts": {"path":"D:/ESGI/4 AL/Clean Code/Partiel/leitner-cleaner/frontend/leitner-cleaner/src/hooks/useCards.ts","statementMap":{"0":{"start":{"line":4,"column":24},"end":{"line":35,"column":null}},"1":{"start":{"line":5,"column":30},"end":{"line":5,"column":null}},"2":{"start":{"line":6,"column":34},"end":{"line":6,"column":null}},"3":{"start":{"line":7,"column":30},"end":{"line":7,"column":null}},"4":{"start":{"line":8,"column":20},"end":{"line":8,"column":null}},"5":{"start":{"line":10,"column":4},"end":{"line":32,"column":null}},"6":{"start":{"line":11,"column":27},"end":{"line":29,"column":null}},"7":{"start":{"line":12,"column":12},"end":{"line":28,"column":null}},"8":{"start":{"line":13,"column":33},"end":{"line":18,"column":null}},"9":{"start":{"line":19,"column":16},"end":{"line":21,"column":null}},"10":{"start":{"line":20,"column":20},"end":{"line":20,"column":null}},"11":{"start":{"line":22,"column":29},"end":{"line":22,"column":null}},"12":{"start":{"line":23,"column":16},"end":{"line":23,"column":null}},"13":{"start":{"line":25,"column":16},"end":{"line":25,"column":null}},"14":{"start":{"line":27,"column":16},"end":{"line":27,"column":null}},"15":{"start":{"line":31,"column":8},"end":{"line":31,"column":null}},"16":{"start":{"line":34,"column":4},"end":{"line":34,"column":null}}},"fnMap":{"0":{"name":"(anonymous_0)","decl":{"start":{"line":4,"column":24},"end":{"line":4,"column":30}},"loc":{"start":{"line":4,"column":30},"end":{"line":35,"column":null}}},"1":{"name":"(anonymous_1)","decl":{"start":{"line":10,"column":14},"end":{"line":10,"column":20}},"loc":{"start":{"line":10,"column":20},"end":{"line":32,"column":7}}},"2":{"name":"(anonymous_2)","decl":{"start":{"line":11,"column":27},"end":{"line":11,"column":39}},"loc":{"start":{"line":11,"column":39},"end":{"line":29,"column":null}}}},"branchMap":{"0":{"loc":{"start":{"line":19,"column":16},"end":{"line":21,"column":null}},"type":"if","locations":[{"start":{"line":19,"column":16},"end":{"line":21,"column":null}},{"start":{},"end":{}}]},"1":{"loc":{"start":{"line":25,"column":25},"end":{"line":25,"column":102}},"type":"cond-expr","locations":[{"start":{"line":25,"column":48},"end":{"line":25,"column":62}},{"start":{"line":25,"column":62},"end":{"line":25,"column":102}}]}},"s":{"0":4,"1":10,"2":9,"3":9,"4":9,"5":9,"6":5,"7":5,"8":5,"9":4,"10":1,"11":3,"12":3,"13":2,"14":5,"15":5,"16":9},"f":{"0":10,"1":5,"2":5},"b":{"0":[1,3],"1":[2,0]}}
,"D:/ESGI/4 AL/Clean Code/Partiel/leitner-cleaner/frontend/leitner-cleaner/src/hooks/useQuiz.ts": {"path":"D:/ESGI/4 AL/Clean Code/Partiel/leitner-cleaner/frontend/leitner-cleaner/src/hooks/useQuiz.ts","statementMap":{"0":{"start":{"line":18,"column":23},"end":{"line":106,"column":null}},"1":{"start":{"line":19,"column":30},"end":{"line":19,"column":null}},"2":{"start":{"line":20,"column":44},"end":{"line":20,"column":null}},"3":{"start":{"line":21,"column":50},"end":{"line":21,"column":null}},"4":{"start":{"line":22,"column":48},"end":{"line":22,"column":null}},"5":{"start":{"line":23,"column":48},"end":{"line":23,"column":null}},"6":{"start":{"line":24,"column":34},"end":{"line":24,"column":null}},"7":{"start":{"line":25,"column":30},"end":{"line":25,"column":null}},"8":{"start":{"line":26,"column":20},"end":{"line":26,"column":null}},"9":{"start":{"line":28,"column":22},"end":{"line":49,"column":null}},"10":{"start":{"line":29,"column":8},"end":{"line":33,"column":null}},"11":{"start":{"line":30,"column":12},"end":{"line":30,"column":null}},"12":{"start":{"line":30,"column":36},"end":{"line":30,"column":44}},"13":{"start":{"line":31,"column":12},"end":{"line":31,"column":null}},"14":{"start":{"line":32,"column":12},"end":{"line":32,"column":null}},"15":{"start":{"line":35,"column":8},"end":{"line":35,"column":null}},"16":{"start":{"line":36,"column":8},"end":{"line":36,"column":null}},"17":{"start":{"line":37,"column":8},"end":{"line":48,"column":null}},"18":{"start":{"line":38,"column":29},"end":{"line":38,"column":null}},"19":{"start":{"line":39,"column":12},"end":{"line":41,"column":null}},"20":{"start":{"line":40,"column":16},"end":{"line":40,"column":null}},"21":{"start":{"line":42,"column":25},"end":{"line":42,"column":null}},"22":{"start":{"line":43,"column":12},"end":{"line":43,"column":null}},"23":{"start":{"line":45,"column":12},"end":{"line":45,"column":null}},"24":{"start":{"line":47,"column":12},"end":{"line":47,"column":null}},"25":{"start":{"line":51,"column":4},"end":{"line":53,"column":null}},"26":{"start":{"line":52,"column":8},"end":{"line":52,"column":null}},"27":{"start":{"line":55,"column":24},"end":{"line":55,"column":null}},"28":{"start":{"line":57,"column":23},"end":{"line":59,"column":null}},"29":{"start":{"line":58,"column":8},"end":{"line":58,"column":null}},"30":{"start":{"line":61,"column":27},"end":{"line":91,"column":null}},"31":{"start":{"line":62,"column":8},"end":{"line":62,"column":null}},"32":{"start":{"line":62,"column":26},"end":{"line":62,"column":null}},"33":{"start":{"line":64,"column":8},"end":{"line":90,"column":null}},"34":{"start":{"line":65,"column":29},"end":{"line":71,"column":null}},"35":{"start":{"line":72,"column":12},"end":{"line":72,"column":null}},"36":{"start":{"line":74,"column":12},"end":{"line":76,"column":null}},"37":{"start":{"line":75,"column":16},"end":{"line":75,"column":null}},"38":{"start":{"line":78,"column":12},"end":{"line":80,"column":null}},"39":{"start":{"line":79,"column":16},"end":{"line":79,"column":null}},"40":{"start":{"line":79,"column":42},"end":{"line":79,"column":50}},"41":{"start":{"line":82,"column":12},"end":{"line":87,"column":null}},"42":{"start":{"line":83,"column":16},"end":{"line":83,"column":null}},"43":{"start":{"line":83,"column":40},"end":{"line":83,"column":48}},"44":{"start":{"line":84,"column":16},"end":{"line":84,"column":null}},"45":{"start":{"line":86,"column":16},"end":{"line":86,"column":null}},"46":{"start":{"line":89,"column":12},"end":{"line":89,"column":null}},"47":{"start":{"line":93,"column":4},"end":{"line":105,"column":null}}},"fnMap":{"0":{"name":"(anonymous_0)","decl":{"start":{"line":18,"column":23},"end":{"line":18,"column":24}},"loc":{"start":{"line":18,"column":56},"end":{"line":106,"column":null}}},"1":{"name":"(anonymous_1)","decl":{"start":{"line":28,"column":22},"end":{"line":28,"column":29}},"loc":{"start":{"line":28,"column":61},"end":{"line":49,"column":null}}},"2":{"name":"(anonymous_2)","decl":{"start":{"line":30,"column":28},"end":{"line":30,"column":36}},"loc":{"start":{"line":30,"column":36},"end":{"line":30,"column":44}}},"3":{"name":"(anonymous_3)","decl":{"start":{"line":51,"column":14},"end":{"line":51,"column":20}},"loc":{"start":{"line":51,"column":20},"end":{"line":53,"column":7}}},"4":{"name":"(anonymous_4)","decl":{"start":{"line":57,"column":23},"end":{"line":57,"column":29}},"loc":{"start":{"line":57,"column":29},"end":{"line":59,"column":null}}},"5":{"name":"(anonymous_5)","decl":{"start":{"line":61,"column":27},"end":{"line":61,"column":34}},"loc":{"start":{"line":61,"column":55},"end":{"line":91,"column":null}}},"6":{"name":"(anonymous_6)","decl":{"start":{"line":79,"column":34},"end":{"line":79,"column":42}},"loc":{"start":{"line":79,"column":42},"end":{"line":79,"column":50}}},"7":{"name":"(anonymous_7)","decl":{"start":{"line":83,"column":32},"end":{"line":83,"column":40}},"loc":{"start":{"line":83,"column":40},"end":{"line":83,"column":48}}}},"branchMap":{"0":{"loc":{"start":{"line":28,"column":29},"end":{"line":28,"column":61}},"type":"default-arg","locations":[{"start":{"line":28,"column":51},"end":{"line":28,"column":61}}]},"1":{"loc":{"start":{"line":29,"column":8},"end":{"line":33,"column":null}},"type":"if","locations":[{"start":{"line":29,"column":8},"end":{"line":33,"column":null}},{"start":{},"end":{}}]},"2":{"loc":{"start":{"line":39,"column":12},"end":{"line":41,"column":null}},"type":"if","locations":[{"start":{"line":39,"column":12},"end":{"line":41,"column":null}},{"start":{},"end":{}}]},"3":{"loc":{"start":{"line":45,"column":49},"end":{"line":45,"column":104}},"type":"cond-expr","locations":[{"start":{"line":45,"column":74},"end":{"line":45,"column":90}},{"start":{"line":45,"column":90},"end":{"line":45,"column":104}}]},"4":{"loc":{"start":{"line":55,"column":24},"end":{"line":55,"column":null}},"type":"cond-expr","locations":[{"start":{"line":55,"column":43},"end":{"line":55,"column":65}},{"start":{"line":55,"column":65},"end":{"line":55,"column":null}}]},"5":{"loc":{"start":{"line":62,"column":8},"end":{"line":62,"column":null}},"type":"if","locations":[{"start":{"line":62,"column":8},"end":{"line":62,"column":null}},{"start":{},"end":{}}]},"6":{"loc":{"start":{"line":74,"column":12},"end":{"line":76,"column":null}},"type":"if","locations":[{"start":{"line":74,"column":12},"end":{"line":76,"column":null}},{"start":{},"end":{}}]},"7":{"loc":{"start":{"line":78,"column":12},"end":{"line":80,"column":null}},"type":"if","locations":[{"start":{"line":78,"column":12},"end":{"line":80,"column":null}},{"start":{},"end":{}}]},"8":{"loc":{"start":{"line":82,"column":12},"end":{"line":87,"column":null}},"type":"if","locations":[{"start":{"line":82,"column":12},"end":{"line":87,"column":null}},{"start":{"line":85,"column":19},"end":{"line":87,"column":null}}]}},"s":{"0":4,"1":22,"2":22,"3":22,"4":22,"5":22,"6":22,"7":22,"8":22,"9":22,"10":9,"11":0,"12":0,"13":0,"14":0,"15":9,"16":9,"17":9,"18":9,"19":7,"20":1,"21":6,"22":6,"23":2,"24":8,"25":22,"26":9,"27":22,"28":22,"29":1,"30":22,"31":2,"32":0,"33":2,"34":2,"35":2,"36":2,"37":0,"38":2,"39":2,"40":2,"41":2,"42":1,"43":1,"44":1,"45":1,"46":0,"47":22},"f":{"0":22,"1":9,"2":0,"3":9,"4":1,"5":2,"6":2,"7":1},"b":{"0":[9],"1":[0,9],"2":[1,6],"3":[2,0],"4":[11,11],"5":[0,2],"6":[0,2],"7":[2,0],"8":[1,1]}}
,"D:/ESGI/4 AL/Clean Code/Partiel/leitner-cleaner/frontend/leitner-cleaner/src/infrastructure/api/CardRepository.ts": {"path":"D:/ESGI/4 AL/Clean Code/Partiel/leitner-cleaner/frontend/leitner-cleaner/src/infrastructure/api/CardRepository.ts","statementMap":{"0":{"start":{"line":11,"column":26},"end":{"line":17,"column":null}},"1":{"start":{"line":12,"column":20},"end":{"line":12,"column":null}},"2":{"start":{"line":13,"column":21},"end":{"line":15,"column":null}},"3":{"start":{"line":16,"column":4},"end":{"line":16,"column":null}}},"fnMap":{"0":{"name":"(anonymous_0)","decl":{"start":{"line":11,"column":26},"end":{"line":11,"column":33}},"loc":{"start":{"line":11,"column":80},"end":{"line":17,"column":null}}}},"branchMap":{},"s":{"0":3,"1":2,"2":2,"3":1},"f":{"0":2},"b":{}}
,"D:/ESGI/4 AL/Clean Code/Partiel/leitner-cleaner/frontend/leitner-cleaner/src/pages/CardsPage/CardsPage.tsx": {"path":"D:/ESGI/4 AL/Clean Code/Partiel/leitner-cleaner/frontend/leitner-cleaner/src/pages/CardsPage/CardsPage.tsx","statementMap":{"0":{"start":{"line":6,"column":28},"end":{"line":15,"column":null}},"1":{"start":{"line":7,"column":22},"end":{"line":7,"column":null}},"2":{"start":{"line":9,"column":4},"end":{"line":13,"column":null}}},"fnMap":{"0":{"name":"(anonymous_0)","decl":{"start":{"line":6,"column":28},"end":{"line":6,"column":34}},"loc":{"start":{"line":6,"column":34},"end":{"line":15,"column":null}}}},"branchMap":{},"s":{"0":3,"1":4,"2":3},"f":{"0":4},"b":{}}
,"D:/ESGI/4 AL/Clean Code/Partiel/leitner-cleaner/frontend/leitner-cleaner/src/pages/CreateCardPage/CreateCardPage.tsx": {"path":"D:/ESGI/4 AL/Clean Code/Partiel/leitner-cleaner/frontend/leitner-cleaner/src/pages/CreateCardPage/CreateCardPage.tsx","statementMap":{"0":{"start":{"line":9,"column":33},"end":{"line":85,"column":null}},"1":{"start":{"line":10,"column":36},"end":{"line":10,"column":null}},"2":{"start":{"line":11,"column":32},"end":{"line":11,"column":null}},"3":{"start":{"line":12,"column":26},"end":{"line":12,"column":null}},"4":{"start":{"line":13,"column":30},"end":{"line":13,"column":null}},"5":{"start":{"line":14,"column":34},"end":{"line":14,"column":null}},"6":{"start":{"line":16,"column":25},"end":{"line":42,"column":null}},"7":{"start":{"line":17,"column":8},"end":{"line":21,"column":null}},"8":{"start":{"line":18,"column":12},"end":{"line":18,"column":null}},"9":{"start":{"line":19,"column":12},"end":{"line":19,"column":null}},"10":{"start":{"line":20,"column":12},"end":{"line":20,"column":null}},"11":{"start":{"line":23,"column":8},"end":{"line":23,"column":null}},"12":{"start":{"line":24,"column":24},"end":{"line":28,"column":null}},"13":{"start":{"line":30,"column":8},"end":{"line":41,"column":null}},"14":{"start":{"line":31,"column":32},"end":{"line":31,"column":null}},"15":{"start":{"line":32,"column":12},"end":{"line":32,"column":null}},"16":{"start":{"line":33,"column":12},"end":{"line":33,"column":null}},"17":{"start":{"line":34,"column":12},"end":{"line":34,"column":null}},"18":{"start":{"line":35,"column":12},"end":{"line":35,"column":null}},"19":{"start":{"line":36,"column":12},"end":{"line":36,"column":null}},"20":{"start":{"line":38,"column":12},"end":{"line":38,"column":null}},"21":{"start":{"line":39,"column":12},"end":{"line":39,"column":null}},"22":{"start":{"line":40,"column":12},"end":{"line":40,"column":null}},"23":{"start":{"line":44,"column":4},"end":{"line":83,"column":null}},"24":{"start":{"line":52,"column":45},"end":{"line":52,"column":null}},"25":{"start":{"line":62,"column":45},"end":{"line":62,"column":null}},"26":{"start":{"line":72,"column":45},"end":{"line":72,"column":null}}},"fnMap":{"0":{"name":"(anonymous_0)","decl":{"start":{"line":9,"column":33},"end":{"line":9,"column":39}},"loc":{"start":{"line":9,"column":39},"end":{"line":85,"column":null}}},"1":{"name":"(anonymous_1)","decl":{"start":{"line":16,"column":25},"end":{"line":16,"column":37}},"loc":{"start":{"line":16,"column":37},"end":{"line":42,"column":null}}},"2":{"name":"(anonymous_2)","decl":{"start":{"line":52,"column":38},"end":{"line":52,"column":39}},"loc":{"start":{"line":52,"column":45},"end":{"line":52,"column":null}}},"3":{"name":"(anonymous_3)","decl":{"start":{"line":62,"column":38},"end":{"line":62,"column":39}},"loc":{"start":{"line":62,"column":45},"end":{"line":62,"column":null}}},"4":{"name":"(anonymous_4)","decl":{"start":{"line":72,"column":38},"end":{"line":72,"column":39}},"loc":{"start":{"line":72,"column":45},"end":{"line":72,"column":null}}}},"branchMap":{"0":{"loc":{"start":{"line":17,"column":8},"end":{"line":21,"column":null}},"type":"if","locations":[{"start":{"line":17,"column":8},"end":{"line":21,"column":null}},{"start":{},"end":{}}]},"1":{"loc":{"start":{"line":17,"column":12},"end":{"line":17,"column":48}},"type":"binary-expr","locations":[{"start":{"line":17,"column":12},"end":{"line":17,"column":32}},{"start":{"line":17,"column":32},"end":{"line":17,"column":48}}]},"2":{"loc":{"start":{"line":27,"column":17},"end":{"line":27,"column":null}},"type":"binary-expr","locations":[{"start":{"line":27,"column":17},"end":{"line":27,"column":31}},{"start":{"line":27,"column":31},"end":{"line":27,"column":null}}]},"3":{"loc":{"start":{"line":78,"column":21},"end":{"line":78,"column":null}},"type":"binary-expr","locations":[{"start":{"line":78,"column":21},"end":{"line":78,"column":30}},{"start":{"line":78,"column":30},"end":{"line":78,"column":null}}]},"4":{"loc":{"start":{"line":79,"column":21},"end":{"line":79,"column":null}},"type":"binary-expr","locations":[{"start":{"line":79,"column":21},"end":{"line":79,"column":32}},{"start":{"line":79,"column":32},"end":{"line":79,"column":null}}]}},"s":{"0":3,"1":15,"2":15,"3":15,"4":15,"5":15,"6":15,"7":3,"8":1,"9":1,"10":1,"11":2,"12":2,"13":2,"14":2,"15":1,"16":1,"17":1,"18":1,"19":1,"20":1,"21":1,"22":1,"23":15,"24":2,"25":2,"26":2},"f":{"0":15,"1":3,"2":2,"3":2,"4":2},"b":{"0":[1,2],"1":[3,2],"2":[2,0],"3":[15,2],"4":[15,1]}}
,"D:/ESGI/4 AL/Clean Code/Partiel/leitner-cleaner/frontend/leitner-cleaner/src/pages/LoginPage/LoginPage.tsx": {"path":"D:/ESGI/4 AL/Clean Code/Partiel/leitner-cleaner/frontend/leitner-cleaner/src/pages/LoginPage/LoginPage.tsx","statementMap":{"0":{"start":{"line":13,"column":28},"end":{"line":55,"column":null}},"1":{"start":{"line":14,"column":22},"end":{"line":14,"column":null}},"2":{"start":{"line":15,"column":36},"end":{"line":15,"column":null}},"3":{"start":{"line":16,"column":36},"end":{"line":16,"column":null}},"4":{"start":{"line":17,"column":30},"end":{"line":17,"column":null}},"5":{"start":{"line":18,"column":21},"end":{"line":18,"column":null}},"6":{"start":{"line":20,"column":24},"end":{"line":29,"column":null}},"7":{"start":{"line":21,"column":8},"end":{"line":24,"column":null}},"8":{"start":{"line":22,"column":12},"end":{"line":22,"column":null}},"9":{"start":{"line":23,"column":12},"end":{"line":23,"column":null}},"10":{"start":{"line":25,"column":8},"end":{"line":25,"column":null}},"11":{"start":{"line":27,"column":8},"end":{"line":27,"column":null}},"12":{"start":{"line":28,"column":8},"end":{"line":28,"column":null}},"13":{"start":{"line":31,"column":4},"end":{"line":53,"column":null}},"14":{"start":{"line":36,"column":83},"end":{"line":36,"column":112}},"15":{"start":{"line":42,"column":87},"end":{"line":42,"column":116}}},"fnMap":{"0":{"name":"(anonymous_0)","decl":{"start":{"line":13,"column":28},"end":{"line":13,"column":34}},"loc":{"start":{"line":13,"column":34},"end":{"line":55,"column":null}}},"1":{"name":"(anonymous_1)","decl":{"start":{"line":20,"column":24},"end":{"line":20,"column":30}},"loc":{"start":{"line":20,"column":30},"end":{"line":29,"column":null}}},"2":{"name":"(anonymous_2)","decl":{"start":{"line":36,"column":76},"end":{"line":36,"column":77}},"loc":{"start":{"line":36,"column":83},"end":{"line":36,"column":112}}},"3":{"name":"(anonymous_3)","decl":{"start":{"line":42,"column":80},"end":{"line":42,"column":81}},"loc":{"start":{"line":42,"column":87},"end":{"line":42,"column":116}}}},"branchMap":{"0":{"loc":{"start":{"line":21,"column":8},"end":{"line":24,"column":null}},"type":"if","locations":[{"start":{"line":21,"column":8},"end":{"line":24,"column":null}},{"start":{},"end":{}}]},"1":{"loc":{"start":{"line":21,"column":12},"end":{"line":21,"column":50}},"type":"binary-expr","locations":[{"start":{"line":21,"column":12},"end":{"line":21,"column":32}},{"start":{"line":21,"column":32},"end":{"line":21,"column":50}}]},"2":{"loc":{"start":{"line":48,"column":25},"end":{"line":48,"column":null}},"type":"binary-expr","locations":[{"start":{"line":48,"column":25},"end":{"line":48,"column":34}},{"start":{"line":48,"column":34},"end":{"line":48,"column":null}}]}},"s":{"0":3,"1":9,"2":9,"3":9,"4":9,"5":9,"6":9,"7":2,"8":1,"9":1,"10":1,"11":1,"12":1,"13":9,"14":1,"15":1},"f":{"0":9,"1":2,"2":1,"3":1},"b":{"0":[1,1],"1":[2,1],"2":[9,1]}}
,"D:/ESGI/4 AL/Clean Code/Partiel/leitner-cleaner/frontend/leitner-cleaner/src/pages/QuizPage/QuizPage.tsx": {"path":"D:/ESGI/4 AL/Clean Code/Partiel/leitner-cleaner/frontend/leitner-cleaner/src/pages/QuizPage/QuizPage.tsx","statementMap":{"0":{"start":{"line":12,"column":27},"end":{"line":157,"column":null}},"1":{"start":{"line":13,"column":32},"end":{"line":13,"column":null}},"2":{"start":{"line":14,"column":42},"end":{"line":14,"column":null}},"3":{"start":{"line":22,"column":8},"end":{"line":22,"column":null}},"4":{"start":{"line":24,"column":20},"end":{"line":24,"column":null}},"5":{"start":{"line":26,"column":30},"end":{"line":29,"column":null}},"6":{"start":{"line":31,"column":25},"end":{"line":35,"column":null}},"7":{"start":{"line":32,"column":8},"end":{"line":34,"column":null}},"8":{"start":{"line":33,"column":12},"end":{"line":33,"column":null}},"9":{"start":{"line":37,"column":27},"end":{"line":56,"column":null}},"10":{"start":{"line":38,"column":8},"end":{"line":38,"column":null}},"11":{"start":{"line":38,"column":26},"end":{"line":38,"column":null}},"12":{"start":{"line":40,"column":8},"end":{"line":55,"column":null}},"13":{"start":{"line":41,"column":29},"end":{"line":47,"column":null}},"14":{"start":{"line":48,"column":12},"end":{"line":48,"column":null}},"15":{"start":{"line":50,"column":12},"end":{"line":52,"column":null}},"16":{"start":{"line":51,"column":16},"end":{"line":51,"column":null}},"17":{"start":{"line":54,"column":12},"end":{"line":54,"column":null}},"18":{"start":{"line":58,"column":29},"end":{"line":64,"column":null}},"19":{"start":{"line":59,"column":8},"end":{"line":59,"column":null}},"20":{"start":{"line":60,"column":8},"end":{"line":60,"column":null}},"21":{"start":{"line":61,"column":8},"end":{"line":61,"column":null}},"22":{"start":{"line":62,"column":8},"end":{"line":62,"column":null}},"23":{"start":{"line":63,"column":8},"end":{"line":63,"column":null}},"24":{"start":{"line":66,"column":4},"end":{"line":77,"column":null}},"25":{"start":{"line":67,"column":8},"end":{"line":75,"column":null}},"26":{"start":{"line":79,"column":4},"end":{"line":97,"column":null}},"27":{"start":{"line":80,"column":8},"end":{"line":95,"column":null}},"28":{"start":{"line":99,"column":4},"end":{"line":110,"column":null}},"29":{"start":{"line":100,"column":8},"end":{"line":108,"column":null}},"30":{"start":{"line":112,"column":4},"end":{"line":155,"column":null}},"31":{"start":{"line":127,"column":45},"end":{"line":127,"column":null}}},"fnMap":{"0":{"name":"(anonymous_0)","decl":{"start":{"line":12,"column":27},"end":{"line":12,"column":33}},"loc":{"start":{"line":12,"column":33},"end":{"line":157,"column":null}}},"1":{"name":"(anonymous_1)","decl":{"start":{"line":31,"column":25},"end":{"line":31,"column":31}},"loc":{"start":{"line":31,"column":31},"end":{"line":35,"column":null}}},"2":{"name":"(anonymous_2)","decl":{"start":{"line":37,"column":27},"end":{"line":37,"column":34}},"loc":{"start":{"line":37,"column":55},"end":{"line":56,"column":null}}},"3":{"name":"(anonymous_3)","decl":{"start":{"line":58,"column":29},"end":{"line":58,"column":30}},"loc":{"start":{"line":58,"column":61},"end":{"line":64,"column":null}}},"4":{"name":"(anonymous_4)","decl":{"start":{"line":127,"column":38},"end":{"line":127,"column":39}},"loc":{"start":{"line":127,"column":45},"end":{"line":127,"column":null}}}},"branchMap":{"0":{"loc":{"start":{"line":32,"column":8},"end":{"line":34,"column":null}},"type":"if","locations":[{"start":{"line":32,"column":8},"end":{"line":34,"column":null}},{"start":{},"end":{}}]},"1":{"loc":{"start":{"line":38,"column":8},"end":{"line":38,"column":null}},"type":"if","locations":[{"start":{"line":38,"column":8},"end":{"line":38,"column":null}},{"start":{},"end":{}}]},"2":{"loc":{"start":{"line":50,"column":12},"end":{"line":52,"column":null}},"type":"if","locations":[{"start":{"line":50,"column":12},"end":{"line":52,"column":null}},{"start":{},"end":{}}]},"3":{"loc":{"start":{"line":59,"column":40},"end":{"line":59,"column":73}},"type":"cond-expr","locations":[{"start":{"line":59,"column":50},"end":{"line":59,"column":62}},{"start":{"line":59,"column":62},"end":{"line":59,"column":73}}]},"4":{"loc":{"start":{"line":66,"column":4},"end":{"line":77,"column":null}},"type":"if","locations":[{"start":{"line":66,"column":4},"end":{"line":77,"column":null}},{"start":{},"end":{}}]},"5":{"loc":{"start":{"line":79,"column":4},"end":{"line":97,"column":null}},"type":"if","locations":[{"start":{"line":79,"column":4},"end":{"line":97,"column":null}},{"start":{},"end":{}}]},"6":{"loc":{"start":{"line":99,"column":4},"end":{"line":110,"column":null}},"type":"if","locations":[{"start":{"line":99,"column":4},"end":{"line":110,"column":null}},{"start":{},"end":{}}]},"7":{"loc":{"start":{"line":134,"column":17},"end":{"line":152,"column":null}},"type":"cond-expr","locations":[{"start":{"line":135,"column":20},"end":{"line":140,"column":null}},{"start":{"line":142,"column":20},"end":{"line":152,"column":null}}]}},"s":{"0":3,"1":9,"2":9,"3":9,"4":9,"5":9,"6":9,"7":1,"8":1,"9":9,"10":0,"11":0,"12":0,"13":0,"14":0,"15":0,"16":0,"17":0,"18":9,"19":0,"20":0,"21":0,"22":0,"23":0,"24":9,"25":4,"26":5,"27":1,"28":4,"29":0,"30":4,"31":1},"f":{"0":9,"1":1,"2":0,"3":0,"4":1},"b":{"0":[1,0],"1":[0,0],"2":[0,0],"3":[0,0],"4":[4,5],"5":[1,4],"6":[0,4],"7":[3,1]}}
,"D:/ESGI/4 AL/Clean Code/Partiel/leitner-cleaner/frontend/leitner-cleaner/src/routes/AppRoutes.tsx": {"path":"D:/ESGI/4 AL/Clean Code/Partiel/leitner-cleaner/frontend/leitner-cleaner/src/routes/AppRoutes.tsx","statementMap":{"0":{"start":{"line":13,"column":28},"end":{"line":43,"column":null}},"1":{"start":{"line":14,"column":4},"end":{"line":41,"column":null}}},"fnMap":{"0":{"name":"(anonymous_0)","decl":{"start":{"line":13,"column":28},"end":{"line":13,"column":34}},"loc":{"start":{"line":13,"column":34},"end":{"line":43,"column":null}}}},"branchMap":{},"s":{"0":3,"1":6},"f":{"0":6},"b":{}}
}
